<?xml version="1.0" encoding="UTF-8"?>
<!-- Generated by org.testng.reporters.JUnitXMLReporter -->
<testsuite hostname="DESKTOP-U7QIFE3" ignored="0" name="Default test" tests="7" failures="0" timestamp="19 Jan 2020 16:06:14 GMT" time="9.776" errors="0">
  <testcase name="basicAuthenticate" time="7.537" classname="operations.GetRequest"/>
  <testcase name="getDecodedValue" time="0.361" classname="operations.GetRequest"/>
  <testcase name="getDetails" time="0.368" classname="operations.GetRequest"/>
  <testcase name="getEncoding" time="0.255" classname="operations.GetRequest"/>
  <testcase name="getImage" time="0.221" classname="operations.GetRequest"/>
  <testcase name="getIp" time="0.266" classname="operations.GetRequest"/>
  <testcase name="getStatusCode" time="0.242" classname="operations.GetRequest"/>
</testsuite> <!-- Default test -->
