<?xml version="1.0" encoding="UTF-8"?>
<!-- Generated by org.testng.reporters.JUnitXMLReporter -->
<testsuite hostname="DESKTOP-U7QIFE3" ignored="0" name="API Tests" tests="12" failures="0" timestamp="19 Jan 2020 16:12:01 GMT" time="11.085" errors="0">
  <testcase name="delete" time="6.845" classname="operations.DeleteRequest"/>
  <testcase name="deleteAnything" time="0.372" classname="operations.DeleteRequest"/>
  <testcase name="basicAuthenticate" time="0.464" classname="operations.GetRequest"/>
  <testcase name="getDecodedValue" time="0.282" classname="operations.GetRequest"/>
  <testcase name="getDetails" time="0.304" classname="operations.GetRequest"/>
  <testcase name="getEncoding" time="0.25" classname="operations.GetRequest"/>
  <testcase name="getImage" time="0.339" classname="operations.GetRequest"/>
  <testcase name="getIp" time="0.306" classname="operations.GetRequest"/>
  <testcase name="getStatusCode" time="0.239" classname="operations.GetRequest"/>
  <testcase name="postData" time="0.497" classname="operations.PostRequest"/>
  <testcase name="postStatus" time="0.246" classname="operations.PostRequest"/>
  <testcase name="putDetails" time="0.374" classname="operations.UpdateRequest"/>
</testsuite> <!-- API Tests -->
